2025-03-04 23:14:22 [main] INFO  c.e.exampleOne.ExampleOneApplication - Starting ExampleOneApplication using Java 21.0.6 with PID 18160 (C:\Users\lomas\Desktop\spring\exampleOne\out\production\classes started by lomas in C:\Users\lomas\Desktop\spring\exampleOne)
2025-03-04 23:14:22 [main] DEBUG c.e.exampleOne.ExampleOneApplication - Running with Spring Boot v3.4.3, Spring v6.2.3
2025-03-04 23:14:22 [main] INFO  c.e.exampleOne.ExampleOneApplication - No active profile set, falling back to 1 default profile: "default"
2025-03-04 23:14:23 [main] INFO  o.s.d.r.c.RepositoryConfigurationDelegate - Bootstrapping Spring Data JPA repositories in DEFAULT mode.
2025-03-04 23:14:23 [main] INFO  o.s.d.r.c.RepositoryConfigurationDelegate - Finished Spring Data repository scanning in 47 ms. Found 1 JPA repository interface.
2025-03-04 23:14:23 [main] INFO  o.s.b.w.e.tomcat.TomcatWebServer - Tomcat initialized with port 8090 (http)
2025-03-04 23:14:23 [main] INFO  o.s.b.w.s.c.ServletWebServerApplicationContext - Root WebApplicationContext: initialization completed in 1346 ms
2025-03-04 23:14:24 [main] INFO  o.s.o.j.p.SpringPersistenceUnitInfo - No LoadTimeWeaver setup: ignoring JPA class transformer
2025-03-04 23:14:24 [main] WARN  org.hibernate.orm.deprecation - HHH90000025: MySQL8Dialect does not need to be specified explicitly using 'hibernate.dialect' (remove the property setting and it will be selected by default)
2025-03-04 23:14:24 [main] WARN  org.hibernate.orm.deprecation - HHH90000026: MySQL8Dialect has been deprecated; use org.hibernate.dialect.MySQLDialect instead
2025-03-04 23:14:25 [main] INFO  o.s.o.j.LocalContainerEntityManagerFactoryBean - Initialized JPA EntityManagerFactory for persistence unit 'default'
2025-03-04 23:14:25 [main] WARN  o.s.b.a.o.j.JpaBaseConfiguration$JpaWebConfiguration - spring.jpa.open-in-view is enabled by default. Therefore, database queries may be performed during view rendering. Explicitly configure spring.jpa.open-in-view to disable this warning
2025-03-04 23:14:25 [main] INFO  o.s.b.w.e.tomcat.TomcatWebServer - Tomcat started on port 8090 (http) with context path '/'
2025-03-04 23:14:25 [main] INFO  c.e.exampleOne.ExampleOneApplication - Started ExampleOneApplication in 4.22 seconds (process running for 4.598)
2025-03-04 23:14:31 [http-nio-8090-exec-1] INFO  o.s.web.servlet.DispatcherServlet - Initializing Servlet 'dispatcherServlet'
2025-03-04 23:14:31 [http-nio-8090-exec-1] INFO  o.s.web.servlet.DispatcherServlet - Completed initialization in 1 ms
2025-03-04 23:14:31 [http-nio-8090-exec-1] INFO  c.e.e.controller.DataController - Request received to get all data
2025-03-04 23:14:31 [http-nio-8090-exec-1] INFO  c.e.e.controller.DataController - Successfully retrieved all data
2025-03-04 23:14:34 [SpringApplicationShutdownHook] INFO  o.s.b.w.e.tomcat.GracefulShutdown - Commencing graceful shutdown. Waiting for active requests to complete
2025-03-04 23:14:34 [tomcat-shutdown] INFO  o.s.b.w.e.tomcat.GracefulShutdown - Graceful shutdown complete
2025-03-04 23:14:34 [SpringApplicationShutdownHook] INFO  o.s.o.j.LocalContainerEntityManagerFactoryBean - Closing JPA EntityManagerFactory for persistence unit 'default'
